{"contracts/interfaces/IVikings.sol":{"l":{},"path":"/home/esteban/com.geodb.9worlds.card.minigame.contracts/ethereum/contracts/interfaces/IVikings.sol","s":{},"b":{},"f":{},"fnMap":{},"statementMap":{},"branchMap":{}},"contracts/NineWorldsMinigameTest.sol":{"l":{"96":9,"97":9,"98":9,"99":9,"100":9,"101":9,"102":9,"103":9,"114":9,"118":9,"123":9,"124":135,"125":135,"126":135,"127":135,"128":135,"133":18,"137":16,"141":14,"142":14,"148":12,"149":12,"151":12,"152":12,"153":12,"154":96,"155":96,"156":96,"157":96,"158":10,"159":10,"161":96,"162":72,"168":12,"173":8,"174":8,"175":8,"179":6,"180":6,"181":6,"182":6,"183":6,"184":6,"185":6,"187":6,"189":6,"190":6,"191":31,"194":31,"195":33,"197":31,"198":31,"199":31,"202":31,"203":31,"205":31,"206":31,"207":10,"209":31,"210":29,"213":0,"214":0,"216":4,"220":3,"221":3,"222":3,"223":3,"224":3,"225":3,"226":3,"227":3,"228":3,"229":22,"230":22,"232":22,"233":4,"236":0,"239":2,"242":5,"245":4,"248":3,"253":22,"256":3,"257":0,"258":0,"260":0,"262":2,"263":12,"265":2,"267":1,"268":10,"269":10,"271":1,"273":3,"275":3,"276":3,"277":3,"281":0,"283":0,"284":0,"285":0,"286":0,"290":0,"291":0,"292":0,"293":0,"295":0,"299":0,"300":0,"301":0,"302":0,"303":0,"304":0,"306":0,"310":50,"313":5,"316":0,"320":0,"321":0,"322":0,"323":0,"325":0,"329":0,"333":0,"337":3,"341":2,"345":0,"349":0,"353":0,"357":9,"358":74,"359":0,"362":9,"366":6,"367":6,"368":74,"373":8,"374":8,"375":8,"376":8,"380":62,"384":8,"385":8,"387":8},"path":"/home/esteban/com.geodb.9worlds.card.minigame.contracts/ethereum/contracts/NineWorldsMinigameTest.sol","s":{"1":9,"2":9,"3":9,"4":9,"5":9,"6":9,"7":9,"8":9,"9":9,"10":9,"11":9,"12":135,"13":135,"14":135,"15":135,"16":18,"17":16,"18":14,"19":14,"20":12,"21":12,"22":12,"23":12,"24":12,"25":96,"26":96,"27":96,"28":96,"29":10,"30":10,"31":96,"32":72,"33":12,"34":8,"35":8,"36":8,"37":6,"38":6,"39":6,"40":6,"41":6,"42":6,"43":6,"44":6,"45":6,"46":6,"47":31,"48":31,"49":33,"50":31,"51":31,"52":31,"53":31,"54":31,"55":31,"56":10,"57":31,"58":29,"59":0,"60":0,"61":4,"62":3,"63":3,"64":3,"65":3,"66":3,"67":3,"68":3,"69":3,"70":3,"71":22,"72":22,"73":22,"74":18,"75":18,"76":16,"77":11,"78":7,"79":22,"80":3,"81":0,"82":0,"83":0,"84":3,"85":2,"86":12,"87":2,"88":1,"89":10,"90":10,"91":1,"92":3,"93":3,"94":3,"95":3,"96":0,"97":0,"98":0,"99":0,"100":0,"101":0,"102":0,"103":0,"104":0,"105":0,"106":0,"107":0,"108":0,"109":0,"110":0,"111":0,"112":0,"113":50,"114":5,"115":0,"116":0,"117":0,"118":0,"119":0,"120":0,"121":0,"122":0,"123":3,"124":2,"125":0,"126":0,"127":0,"128":9,"129":74,"130":0,"131":9,"132":6,"133":6,"134":74,"135":8,"136":8,"137":8,"138":8,"139":62,"140":8,"141":8,"142":8},"b":{"1":[9,0],"2":[9,0],"3":[16,2],"4":[14,2],"5":[12,2],"6":[96,0],"7":[96,0],"8":[10,86],"9":[72,24],"10":[8,4],"11":[6,0],"12":[6,0],"13":[6,0],"14":[6,0],"15":[3,0],"16":[3,0],"17":[3,0],"18":[4,18],"19":[0,18],"20":[2,16],"21":[5,11],"22":[4,7],"23":[3,4],"24":[0,3],"25":[2,1],"26":[0,0],"27":[0,74],"28":[8,0]},"f":{"1":9,"2":9,"3":18,"4":6,"5":3,"6":0,"7":0,"8":50,"9":5,"10":0,"11":0,"12":0,"13":0,"14":3,"15":2,"16":0,"17":0,"18":0,"19":9,"20":6,"21":8,"22":62,"23":8},"fnMap":{"1":{"name":"constructor","line":95,"loc":{"start":{"line":83,"column":4},"end":{"line":104,"column":4}}},"2":{"name":"setNftTypeAndPower","line":112,"loc":{"start":{"line":106,"column":4},"end":{"line":130,"column":4}}},"3":{"name":"createMatchAndRequestRandom","line":132,"loc":{"start":{"line":132,"column":4},"end":{"line":176,"column":4}}},"4":{"name":"initializeMatchFor","line":178,"loc":{"start":{"line":178,"column":4},"end":{"line":217,"column":4}}},"5":{"name":"resolveMatch","line":219,"loc":{"start":{"line":219,"column":4},"end":{"line":278,"column":4}}},"6":{"name":"resolveMatchWithReorder","line":280,"loc":{"start":{"line":280,"column":4},"end":{"line":296,"column":4}}},"7":{"name":"getPlayerAndComputerPower","line":298,"loc":{"start":{"line":298,"column":4},"end":{"line":307,"column":4}}},"8":{"name":"getValidNft","line":309,"loc":{"start":{"line":309,"column":4},"end":{"line":311,"column":4}}},"9":{"name":"getValidPlayerNft","line":312,"loc":{"start":{"line":312,"column":4},"end":{"line":314,"column":4}}},"10":{"name":"getValidComputerNft","line":315,"loc":{"start":{"line":315,"column":4},"end":{"line":317,"column":4}}},"11":{"name":"pointBalanceOf","line":319,"loc":{"start":{"line":319,"column":4},"end":{"line":326,"column":4}}},"12":{"name":"setNftPointForPlayerWinner","line":328,"loc":{"start":{"line":328,"column":4},"end":{"line":330,"column":4}}},"13":{"name":"setNftPointForComputerWinner","line":332,"loc":{"start":{"line":332,"column":4},"end":{"line":334,"column":4}}},"14":{"name":"setMaxMatchesPerDay","line":336,"loc":{"start":{"line":336,"column":4},"end":{"line":338,"column":4}}},"15":{"name":"setMaxNftMatchCount","line":340,"loc":{"start":{"line":340,"column":4},"end":{"line":342,"column":4}}},"16":{"name":"setNftPointForPlayerTie","line":344,"loc":{"start":{"line":344,"column":4},"end":{"line":346,"column":4}}},"17":{"name":"setNftPointForComputerTie","line":348,"loc":{"start":{"line":348,"column":4},"end":{"line":350,"column":4}}},"18":{"name":"setMaxValidId","line":352,"loc":{"start":{"line":352,"column":4},"end":{"line":354,"column":4}}},"19":{"name":"_isOwnerOf","line":356,"loc":{"start":{"line":356,"column":4},"end":{"line":363,"column":4}}},"20":{"name":"_expandRandomAux","line":365,"loc":{"start":{"line":365,"column":4},"end":{"line":370,"column":4}}},"21":{"name":"requestRandomValue","line":372,"loc":{"start":{"line":372,"column":4},"end":{"line":377,"column":4}}},"22":{"name":"_randomIndex","line":379,"loc":{"start":{"line":379,"column":4},"end":{"line":381,"column":4}}},"23":{"name":"fulfillRandomness","line":383,"loc":{"start":{"line":383,"column":4},"end":{"line":388,"column":4}}}},"statementMap":{"1":{"start":{"line":96,"column":8},"end":{"line":96,"column":41}},"2":{"start":{"line":97,"column":8},"end":{"line":97,"column":43}},"3":{"start":{"line":98,"column":8},"end":{"line":98,"column":43}},"4":{"start":{"line":99,"column":8},"end":{"line":99,"column":57}},"5":{"start":{"line":100,"column":8},"end":{"line":100,"column":61}},"6":{"start":{"line":101,"column":8},"end":{"line":101,"column":51}},"7":{"start":{"line":102,"column":8},"end":{"line":102,"column":55}},"8":{"start":{"line":103,"column":8},"end":{"line":103,"column":31}},"9":{"start":{"line":114,"column":8},"end":{"line":114,"column":3792}},"10":{"start":{"line":118,"column":8},"end":{"line":118,"column":3926}},"11":{"start":{"line":123,"column":8},"end":{"line":123,"column":4061}},"12":{"start":{"line":124,"column":12},"end":{"line":124,"column":68}},"13":{"start":{"line":125,"column":12},"end":{"line":125,"column":44}},"14":{"start":{"line":126,"column":12},"end":{"line":126,"column":45}},"15":{"start":{"line":127,"column":12},"end":{"line":127,"column":64}},"16":{"start":{"line":133,"column":8},"end":{"line":133,"column":4464}},"17":{"start":{"line":137,"column":8},"end":{"line":137,"column":4589}},"18":{"start":{"line":141,"column":8},"end":{"line":141,"column":68}},"19":{"start":{"line":142,"column":8},"end":{"line":142,"column":4798}},"20":{"start":{"line":148,"column":8},"end":{"line":148,"column":30}},"21":{"start":{"line":149,"column":8},"end":{"line":149,"column":47}},"22":{"start":{"line":151,"column":8},"end":{"line":151,"column":45}},"23":{"start":{"line":152,"column":8},"end":{"line":152,"column":58}},"24":{"start":{"line":153,"column":8},"end":{"line":153,"column":5165}},"25":{"start":{"line":154,"column":12},"end":{"line":154,"column":80}},"26":{"start":{"line":155,"column":12},"end":{"line":155,"column":5304}},"27":{"start":{"line":156,"column":16},"end":{"line":156,"column":5349}},"28":{"start":{"line":157,"column":20},"end":{"line":157,"column":5420}},"29":{"start":{"line":158,"column":24},"end":{"line":158,"column":86}},"30":{"start":{"line":159,"column":24},"end":{"line":159,"column":65}},"31":{"start":{"line":161,"column":20},"end":{"line":161,"column":5709}},"32":{"start":{"line":162,"column":24},"end":{"line":162,"column":73}},"33":{"start":{"line":168,"column":8},"end":{"line":168,"column":5910}},"34":{"start":{"line":173,"column":8},"end":{"line":173,"column":47}},"35":{"start":{"line":174,"column":8},"end":{"line":174,"column":48}},"36":{"start":{"line":175,"column":8},"end":{"line":175,"column":34}},"37":{"start":{"line":179,"column":8},"end":{"line":179,"column":48}},"38":{"start":{"line":180,"column":8},"end":{"line":180,"column":6348}},"39":{"start":{"line":181,"column":12},"end":{"line":181,"column":86}},"40":{"start":{"line":182,"column":12},"end":{"line":182,"column":115}},"41":{"start":{"line":183,"column":12},"end":{"line":183,"column":114}},"42":{"start":{"line":184,"column":12},"end":{"line":184,"column":69}},"43":{"start":{"line":185,"column":12},"end":{"line":185,"column":70}},"44":{"start":{"line":187,"column":12},"end":{"line":187,"column":93}},"45":{"start":{"line":189,"column":12},"end":{"line":189,"column":84}},"46":{"start":{"line":190,"column":12},"end":{"line":190,"column":7089}},"47":{"start":{"line":191,"column":16},"end":{"line":191,"column":104}},"48":{"start":{"line":194,"column":16},"end":{"line":194,"column":7277}},"49":{"start":{"line":195,"column":20},"end":{"line":195,"column":84}},"50":{"start":{"line":197,"column":16},"end":{"line":197,"column":78}},"51":{"start":{"line":198,"column":16},"end":{"line":198,"column":68}},"52":{"start":{"line":199,"column":16},"end":{"line":199,"column":92}},"53":{"start":{"line":203,"column":16},"end":{"line":203,"column":70}},"54":{"start":{"line":205,"column":16},"end":{"line":205,"column":110}},"55":{"start":{"line":206,"column":16},"end":{"line":206,"column":8071}},"56":{"start":{"line":207,"column":20},"end":{"line":207,"column":88}},"57":{"start":{"line":209,"column":16},"end":{"line":209,"column":77}},"58":{"start":{"line":210,"column":16},"end":{"line":210,"column":96}},"59":{"start":{"line":213,"column":12},"end":{"line":213,"column":54}},"60":{"start":{"line":214,"column":12},"end":{"line":214,"column":37}},"61":{"start":{"line":216,"column":8},"end":{"line":216,"column":52}},"62":{"start":{"line":220,"column":8},"end":{"line":220,"column":56}},"63":{"start":{"line":221,"column":8},"end":{"line":221,"column":8745}},"64":{"start":{"line":222,"column":12},"end":{"line":222,"column":121}},"65":{"start":{"line":223,"column":12},"end":{"line":223,"column":98}},"66":{"start":{"line":224,"column":12},"end":{"line":224,"column":73}},"67":{"start":{"line":225,"column":12},"end":{"line":225,"column":77}},"68":{"start":{"line":226,"column":12},"end":{"line":226,"column":32}},"69":{"start":{"line":227,"column":12},"end":{"line":227,"column":34}},"70":{"start":{"line":228,"column":12},"end":{"line":228,"column":9281}},"71":{"start":{"line":229,"column":16},"end":{"line":229,"column":73}},"72":{"start":{"line":230,"column":16},"end":{"line":230,"column":77}},"73":{"start":{"line":232,"column":16},"end":{"line":232,"column":9537}},"74":{"start":{"line":235,"column":23},"end":{"line":235,"column":9696}},"75":{"start":{"line":238,"column":23},"end":{"line":238,"column":9860}},"76":{"start":{"line":241,"column":23},"end":{"line":241,"column":10020}},"77":{"start":{"line":244,"column":23},"end":{"line":244,"column":10181}},"78":{"start":{"line":247,"column":23},"end":{"line":247,"column":10343}},"79":{"start":{"line":253,"column":16},"end":{"line":253,"column":62}},"80":{"start":{"line":256,"column":12},"end":{"line":256,"column":10640}},"81":{"start":{"line":257,"column":16},"end":{"line":257,"column":10696}},"82":{"start":{"line":258,"column":20},"end":{"line":258,"column":81}},"83":{"start":{"line":260,"column":16},"end":{"line":260,"column":71}},"84":{"start":{"line":261,"column":19},"end":{"line":261,"column":10948}},"85":{"start":{"line":262,"column":16},"end":{"line":262,"column":11004}},"86":{"start":{"line":263,"column":20},"end":{"line":263,"column":85}},"87":{"start":{"line":265,"column":16},"end":{"line":265,"column":73}},"88":{"start":{"line":267,"column":16},"end":{"line":267,"column":11288}},"89":{"start":{"line":268,"column":20},"end":{"line":268,"column":78}},"90":{"start":{"line":269,"column":20},"end":{"line":269,"column":82}},"91":{"start":{"line":271,"column":16},"end":{"line":271,"column":65}},"92":{"start":{"line":273,"column":12},"end":{"line":273,"column":54}},"93":{"start":{"line":275,"column":8},"end":{"line":275,"column":50}},"94":{"start":{"line":276,"column":8},"end":{"line":276,"column":41}},"95":{"start":{"line":277,"column":8},"end":{"line":277,"column":35}},"96":{"start":{"line":281,"column":8},"end":{"line":281,"column":56}},"97":{"start":{"line":283,"column":8},"end":{"line":283,"column":27}},"98":{"start":{"line":284,"column":8},"end":{"line":284,"column":29}},"99":{"start":{"line":285,"column":8},"end":{"line":285,"column":72}},"100":{"start":{"line":286,"column":8},"end":{"line":286,"column":12098}},"101":{"start":{"line":290,"column":8},"end":{"line":290,"column":70}},"102":{"start":{"line":291,"column":8},"end":{"line":291,"column":40}},"103":{"start":{"line":292,"column":8},"end":{"line":292,"column":46}},"104":{"start":{"line":293,"column":8},"end":{"line":293,"column":34}},"105":{"start":{"line":295,"column":8},"end":{"line":295,"column":21}},"106":{"start":{"line":299,"column":8},"end":{"line":299,"column":56}},"107":{"start":{"line":300,"column":8},"end":{"line":300,"column":31}},"108":{"start":{"line":301,"column":8},"end":{"line":301,"column":33}},"109":{"start":{"line":302,"column":8},"end":{"line":302,"column":12723}},"110":{"start":{"line":303,"column":12},"end":{"line":303,"column":77}},"111":{"start":{"line":304,"column":12},"end":{"line":304,"column":81}},"112":{"start":{"line":306,"column":8},"end":{"line":306,"column":43}},"113":{"start":{"line":310,"column":8},"end":{"line":310,"column":60}},"114":{"start":{"line":313,"column":8},"end":{"line":313,"column":53}},"115":{"start":{"line":316,"column":8},"end":{"line":316,"column":55}},"116":{"start":{"line":320,"column":8},"end":{"line":320,"column":71}},"117":{"start":{"line":321,"column":8},"end":{"line":321,"column":27}},"118":{"start":{"line":322,"column":8},"end":{"line":322,"column":13660}},"119":{"start":{"line":323,"column":12},"end":{"line":323,"column":59}},"120":{"start":{"line":325,"column":8},"end":{"line":325,"column":26}},"121":{"start":{"line":329,"column":8},"end":{"line":329,"column":40}},"122":{"start":{"line":333,"column":8},"end":{"line":333,"column":42}},"123":{"start":{"line":337,"column":8},"end":{"line":337,"column":37}},"124":{"start":{"line":341,"column":8},"end":{"line":341,"column":43}},"125":{"start":{"line":345,"column":8},"end":{"line":345,"column":51}},"126":{"start":{"line":349,"column":8},"end":{"line":349,"column":55}},"127":{"start":{"line":353,"column":8},"end":{"line":353,"column":31}},"128":{"start":{"line":357,"column":8},"end":{"line":357,"column":14840}},"129":{"start":{"line":358,"column":12},"end":{"line":358,"column":14897}},"130":{"start":{"line":359,"column":16},"end":{"line":359,"column":28}},"131":{"start":{"line":362,"column":8},"end":{"line":362,"column":19}},"132":{"start":{"line":366,"column":8},"end":{"line":366,"column":40}},"133":{"start":{"line":367,"column":8},"end":{"line":367,"column":15194}},"134":{"start":{"line":368,"column":12},"end":{"line":368,"column":77}},"135":{"start":{"line":373,"column":8},"end":{"line":373,"column":120}},"136":{"start":{"line":374,"column":8},"end":{"line":374,"column":54}},"137":{"start":{"line":375,"column":8},"end":{"line":375,"column":47}},"138":{"start":{"line":376,"column":8},"end":{"line":376,"column":37}},"139":{"start":{"line":380,"column":8},"end":{"line":380,"column":54}},"140":{"start":{"line":384,"column":8},"end":{"line":384,"column":55}},"141":{"start":{"line":385,"column":8},"end":{"line":385,"column":56}},"142":{"start":{"line":387,"column":8},"end":{"line":387,"column":48}}},"branchMap":{"1":{"line":114,"type":"if","locations":[{"start":{"line":114,"column":8},"end":{"line":114,"column":8}},{"start":{"line":114,"column":8},"end":{"line":114,"column":8}}]},"2":{"line":118,"type":"if","locations":[{"start":{"line":118,"column":8},"end":{"line":118,"column":8}},{"start":{"line":118,"column":8},"end":{"line":118,"column":8}}]},"3":{"line":133,"type":"if","locations":[{"start":{"line":133,"column":8},"end":{"line":133,"column":8}},{"start":{"line":133,"column":8},"end":{"line":133,"column":8}}]},"4":{"line":137,"type":"if","locations":[{"start":{"line":137,"column":8},"end":{"line":137,"column":8}},{"start":{"line":137,"column":8},"end":{"line":137,"column":8}}]},"5":{"line":142,"type":"if","locations":[{"start":{"line":142,"column":8},"end":{"line":142,"column":8}},{"start":{"line":142,"column":8},"end":{"line":142,"column":8}}]},"6":{"line":155,"type":"if","locations":[{"start":{"line":155,"column":12},"end":{"line":155,"column":12}},{"start":{"line":155,"column":12},"end":{"line":155,"column":12}}]},"7":{"line":156,"type":"if","locations":[{"start":{"line":156,"column":16},"end":{"line":156,"column":16}},{"start":{"line":156,"column":16},"end":{"line":156,"column":16}}]},"8":{"line":157,"type":"if","locations":[{"start":{"line":157,"column":20},"end":{"line":157,"column":20}},{"start":{"line":157,"column":20},"end":{"line":157,"column":20}}]},"9":{"line":161,"type":"if","locations":[{"start":{"line":161,"column":20},"end":{"line":161,"column":20}},{"start":{"line":161,"column":20},"end":{"line":161,"column":20}}]},"10":{"line":168,"type":"if","locations":[{"start":{"line":168,"column":8},"end":{"line":168,"column":8}},{"start":{"line":168,"column":8},"end":{"line":168,"column":8}}]},"11":{"line":180,"type":"if","locations":[{"start":{"line":180,"column":8},"end":{"line":180,"column":8}},{"start":{"line":180,"column":8},"end":{"line":180,"column":8}}]},"12":{"line":181,"type":"if","locations":[{"start":{"line":181,"column":12},"end":{"line":181,"column":12}},{"start":{"line":181,"column":12},"end":{"line":181,"column":12}}]},"13":{"line":182,"type":"if","locations":[{"start":{"line":182,"column":12},"end":{"line":182,"column":12}},{"start":{"line":182,"column":12},"end":{"line":182,"column":12}}]},"14":{"line":183,"type":"if","locations":[{"start":{"line":183,"column":12},"end":{"line":183,"column":12}},{"start":{"line":183,"column":12},"end":{"line":183,"column":12}}]},"15":{"line":221,"type":"if","locations":[{"start":{"line":221,"column":8},"end":{"line":221,"column":8}},{"start":{"line":221,"column":8},"end":{"line":221,"column":8}}]},"16":{"line":222,"type":"if","locations":[{"start":{"line":222,"column":12},"end":{"line":222,"column":12}},{"start":{"line":222,"column":12},"end":{"line":222,"column":12}}]},"17":{"line":223,"type":"if","locations":[{"start":{"line":223,"column":12},"end":{"line":223,"column":12}},{"start":{"line":223,"column":12},"end":{"line":223,"column":12}}]},"18":{"line":232,"type":"if","locations":[{"start":{"line":232,"column":16},"end":{"line":232,"column":16}},{"start":{"line":232,"column":16},"end":{"line":232,"column":16}}]},"19":{"line":235,"type":"if","locations":[{"start":{"line":235,"column":23},"end":{"line":235,"column":23}},{"start":{"line":235,"column":23},"end":{"line":235,"column":23}}]},"20":{"line":238,"type":"if","locations":[{"start":{"line":238,"column":23},"end":{"line":238,"column":23}},{"start":{"line":238,"column":23},"end":{"line":238,"column":23}}]},"21":{"line":241,"type":"if","locations":[{"start":{"line":241,"column":23},"end":{"line":241,"column":23}},{"start":{"line":241,"column":23},"end":{"line":241,"column":23}}]},"22":{"line":244,"type":"if","locations":[{"start":{"line":244,"column":23},"end":{"line":244,"column":23}},{"start":{"line":244,"column":23},"end":{"line":244,"column":23}}]},"23":{"line":247,"type":"if","locations":[{"start":{"line":247,"column":23},"end":{"line":247,"column":23}},{"start":{"line":247,"column":23},"end":{"line":247,"column":23}}]},"24":{"line":256,"type":"if","locations":[{"start":{"line":256,"column":12},"end":{"line":256,"column":12}},{"start":{"line":256,"column":12},"end":{"line":256,"column":12}}]},"25":{"line":261,"type":"if","locations":[{"start":{"line":261,"column":19},"end":{"line":261,"column":19}},{"start":{"line":261,"column":19},"end":{"line":261,"column":19}}]},"26":{"line":286,"type":"if","locations":[{"start":{"line":286,"column":8},"end":{"line":286,"column":8}},{"start":{"line":286,"column":8},"end":{"line":286,"column":8}}]},"27":{"line":358,"type":"if","locations":[{"start":{"line":358,"column":12},"end":{"line":358,"column":12}},{"start":{"line":358,"column":12},"end":{"line":358,"column":12}}]},"28":{"line":373,"type":"if","locations":[{"start":{"line":373,"column":8},"end":{"line":373,"column":8}},{"start":{"line":373,"column":8},"end":{"line":373,"column":8}}]}}},"contracts/Vikings.sol":{"l":{"52":9,"53":9,"55":9,"56":63,"57":63,"58":63,"59":63,"60":63,"61":63,"62":63,"64":9,"65":9,"66":9,"67":9,"71":126,"72":126,"76":126,"77":126,"78":126,"79":126,"80":126,"84":0,"88":0,"89":0,"90":0,"91":0,"92":0,"93":0,"94":0,"95":0,"96":0,"101":0,"105":0,"109":0,"113":0,"117":0,"118":0,"119":0,"120":0,"122":0,"123":0,"127":0,"128":0,"129":0,"130":0,"135":0,"136":0,"137":0,"142":0,"143":0,"144":0,"145":0,"150":0,"151":0,"152":0,"157":0,"161":0,"165":0,"169":0,"173":0,"177":0,"178":0,"179":0,"180":0,"182":0,"186":0,"187":0,"188":0,"189":0,"190":0,"191":0,"192":0,"194":0,"195":0,"196":0,"197":0,"198":0,"199":0,"200":0,"201":0,"202":0,"204":0,"208":126,"209":126,"210":126,"211":126,"212":126,"213":126,"214":126,"215":126,"216":126,"220":0,"221":0,"222":0,"223":0,"224":0,"225":0,"226":0,"227":0,"228":0,"229":0,"230":0,"232":0,"236":0,"237":0,"241":0,"242":0,"243":0,"251":126,"252":126},"path":"/home/esteban/com.geodb.9worlds.card.minigame.contracts/ethereum/contracts/Vikings.sol","s":{"1":9,"2":9,"3":9,"4":63,"5":63,"6":63,"7":63,"8":63,"9":63,"10":63,"11":9,"12":9,"13":9,"14":9,"15":126,"16":126,"17":126,"18":126,"19":126,"20":0,"21":0,"22":0,"23":0,"24":0,"25":0,"26":0,"27":0,"28":0,"29":0,"30":0,"31":0,"32":0,"33":0,"34":0,"35":0,"36":0,"37":0,"38":0,"39":0,"40":0,"41":0,"42":0,"43":0,"44":0,"45":0,"46":0,"47":0,"48":0,"49":0,"50":0,"51":0,"52":0,"53":0,"54":0,"55":0,"56":0,"57":0,"58":0,"59":0,"60":0,"61":0,"62":0,"63":0,"64":0,"65":0,"66":0,"67":0,"68":0,"69":0,"70":0,"71":0,"72":0,"73":0,"74":0,"75":0,"76":0,"77":0,"78":0,"79":0,"80":126,"81":126,"82":126,"83":126,"84":126,"85":126,"86":126,"87":0,"88":0,"89":0,"90":0,"91":0,"92":0,"93":0,"94":0,"95":0,"96":0,"97":0,"98":0,"99":0,"100":0,"101":0,"102":0,"103":0,"104":126,"105":126},"b":{"1":[9,0],"2":[9,0],"3":[126,0],"4":[126,0],"5":[126,0],"6":[126,0],"7":[126,0],"8":[0,0],"9":[0,0],"10":[0,0],"11":[0,0],"12":[0,0],"13":[0,0],"14":[0,0],"15":[0,0],"16":[0,0],"17":[0,0],"18":[0,0],"19":[0,0],"20":[0,0],"21":[0,0],"22":[0,0],"23":[126,0],"24":[0,0],"25":[0,0],"26":[0,0],"27":[126,0]},"f":{"1":9,"2":126,"3":126,"4":0,"5":0,"6":0,"7":0,"8":0,"9":0,"10":0,"11":0,"12":0,"13":0,"14":0,"15":0,"16":0,"17":0,"18":0,"19":0,"20":0,"21":0,"22":126,"23":0,"24":0,"25":0,"26":126},"fnMap":{"1":{"name":"constructor","line":51,"loc":{"start":{"line":50,"column":4},"end":{"line":68,"column":4}}},"2":{"name":"onlyMinter","line":70,"loc":{"start":{"line":70,"column":4},"end":{"line":73,"column":4}}},"3":{"name":"checkTypeMint","line":75,"loc":{"start":{"line":75,"column":4},"end":{"line":81,"column":4}}},"4":{"name":"setBaseURI","line":83,"loc":{"start":{"line":83,"column":4},"end":{"line":85,"column":4}}},"5":{"name":"setMintType","line":87,"loc":{"start":{"line":87,"column":4},"end":{"line":98,"column":4}}},"6":{"name":"setBaseExtension","line":100,"loc":{"start":{"line":100,"column":4},"end":{"line":102,"column":4}}},"7":{"name":"setSaleToken","line":104,"loc":{"start":{"line":104,"column":4},"end":{"line":106,"column":4}}},"8":{"name":"setFeeReceiver","line":108,"loc":{"start":{"line":108,"column":4},"end":{"line":110,"column":4}}},"9":{"name":"setMaxAmountMintTx","line":112,"loc":{"start":{"line":112,"column":4},"end":{"line":114,"column":4}}},"10":{"name":"setWhitelist","line":116,"loc":{"start":{"line":116,"column":4},"end":{"line":124,"column":4}}},"11":{"name":"setWhitelistBatch","line":126,"loc":{"start":{"line":126,"column":4},"end":{"line":132,"column":4}}},"12":{"name":"setMinters","line":134,"loc":{"start":{"line":134,"column":4},"end":{"line":139,"column":4}}},"13":{"name":"updateStrength","line":141,"loc":{"start":{"line":141,"column":4},"end":{"line":147,"column":4}}},"14":{"name":"deleteWhitelistBatch","line":149,"loc":{"start":{"line":149,"column":4},"end":{"line":154,"column":4}}},"15":{"name":"pause","line":156,"loc":{"start":{"line":156,"column":4},"end":{"line":158,"column":4}}},"16":{"name":"unpause","line":160,"loc":{"start":{"line":160,"column":4},"end":{"line":162,"column":4}}},"17":{"name":"tokenStrength","line":164,"loc":{"start":{"line":164,"column":4},"end":{"line":166,"column":4}}},"18":{"name":"isVikingLocked","line":168,"loc":{"start":{"line":168,"column":4},"end":{"line":170,"column":4}}},"19":{"name":"getCurrentMaxSupply","line":172,"loc":{"start":{"line":172,"column":4},"end":{"line":174,"column":4}}},"20":{"name":"walletOfOwner","line":176,"loc":{"start":{"line":176,"column":4},"end":{"line":183,"column":4}}},"21":{"name":"saleMint","line":185,"loc":{"start":{"line":185,"column":4},"end":{"line":205,"column":4}}},"22":{"name":"mintByType","line":207,"loc":{"start":{"line":207,"column":4},"end":{"line":217,"column":4}}},"23":{"name":"mintSupplyLeft","line":219,"loc":{"start":{"line":219,"column":4},"end":{"line":233,"column":4}}},"24":{"name":"lockToken","line":235,"loc":{"start":{"line":235,"column":4},"end":{"line":238,"column":4}}},"25":{"name":"tokenURI","line":240,"loc":{"start":{"line":240,"column":4},"end":{"line":244,"column":4}}},"26":{"name":"_beforeTokenTransfer","line":250,"loc":{"start":{"line":246,"column":4},"end":{"line":253,"column":4}}}},"statementMap":{"1":{"start":{"line":52,"column":8},"end":{"line":52,"column":77}},"2":{"start":{"line":53,"column":8},"end":{"line":53,"column":2100}},"3":{"start":{"line":55,"column":8},"end":{"line":55,"column":2260}},"4":{"start":{"line":56,"column":12},"end":{"line":56,"column":56}},"5":{"start":{"line":57,"column":12},"end":{"line":57,"column":58}},"6":{"start":{"line":58,"column":12},"end":{"line":58,"column":52}},"7":{"start":{"line":59,"column":12},"end":{"line":59,"column":48}},"8":{"start":{"line":60,"column":12},"end":{"line":60,"column":50}},"9":{"start":{"line":61,"column":12},"end":{"line":61,"column":44}},"10":{"start":{"line":62,"column":12},"end":{"line":62,"column":53}},"11":{"start":{"line":64,"column":8},"end":{"line":64,"column":39}},"12":{"start":{"line":65,"column":8},"end":{"line":65,"column":30}},"13":{"start":{"line":66,"column":8},"end":{"line":66,"column":33}},"14":{"start":{"line":67,"column":8},"end":{"line":67,"column":29}},"15":{"start":{"line":71,"column":8},"end":{"line":71,"column":83}},"16":{"start":{"line":76,"column":8},"end":{"line":76,"column":80}},"17":{"start":{"line":77,"column":8},"end":{"line":77,"column":96}},"18":{"start":{"line":78,"column":8},"end":{"line":78,"column":77}},"19":{"start":{"line":79,"column":8},"end":{"line":79,"column":159}},"20":{"start":{"line":84,"column":8},"end":{"line":84,"column":54}},"21":{"start":{"line":88,"column":8},"end":{"line":88,"column":57}},"22":{"start":{"line":89,"column":8},"end":{"line":89,"column":59}},"23":{"start":{"line":90,"column":8},"end":{"line":90,"column":53}},"24":{"start":{"line":91,"column":8},"end":{"line":91,"column":49}},"25":{"start":{"line":92,"column":8},"end":{"line":92,"column":51}},"26":{"start":{"line":93,"column":8},"end":{"line":93,"column":45}},"27":{"start":{"line":94,"column":8},"end":{"line":94,"column":54}},"28":{"start":{"line":95,"column":8},"end":{"line":95,"column":4242}},"29":{"start":{"line":101,"column":8},"end":{"line":101,"column":37}},"30":{"start":{"line":105,"column":8},"end":{"line":105,"column":29}},"31":{"start":{"line":109,"column":8},"end":{"line":109,"column":33}},"32":{"start":{"line":113,"column":8},"end":{"line":113,"column":41}},"33":{"start":{"line":117,"column":8},"end":{"line":117,"column":96}},"34":{"start":{"line":118,"column":8},"end":{"line":118,"column":94}},"35":{"start":{"line":119,"column":8},"end":{"line":119,"column":5158}},"36":{"start":{"line":120,"column":12},"end":{"line":120,"column":62}},"37":{"start":{"line":122,"column":8},"end":{"line":122,"column":47}},"38":{"start":{"line":123,"column":8},"end":{"line":123,"column":43}},"39":{"start":{"line":127,"column":8},"end":{"line":127,"column":82}},"40":{"start":{"line":128,"column":8},"end":{"line":128,"column":94}},"41":{"start":{"line":129,"column":8},"end":{"line":129,"column":5686}},"42":{"start":{"line":130,"column":12},"end":{"line":130,"column":63}},"43":{"start":{"line":135,"column":8},"end":{"line":135,"column":112}},"44":{"start":{"line":136,"column":8},"end":{"line":136,"column":6035}},"45":{"start":{"line":137,"column":12},"end":{"line":137,"column":43}},"46":{"start":{"line":142,"column":8},"end":{"line":142,"column":156}},"47":{"start":{"line":143,"column":8},"end":{"line":143,"column":6419}},"48":{"start":{"line":144,"column":12},"end":{"line":144,"column":106}},"49":{"start":{"line":145,"column":12},"end":{"line":145,"column":58}},"50":{"start":{"line":150,"column":8},"end":{"line":150,"column":82}},"51":{"start":{"line":151,"column":8},"end":{"line":151,"column":6831}},"52":{"start":{"line":152,"column":12},"end":{"line":152,"column":48}},"53":{"start":{"line":157,"column":8},"end":{"line":157,"column":15}},"54":{"start":{"line":161,"column":8},"end":{"line":161,"column":17}},"55":{"start":{"line":165,"column":8},"end":{"line":165,"column":41}},"56":{"start":{"line":169,"column":8},"end":{"line":169,"column":62}},"57":{"start":{"line":173,"column":8},"end":{"line":173,"column":99}},"58":{"start":{"line":177,"column":8},"end":{"line":177,"column":46}},"59":{"start":{"line":178,"column":8},"end":{"line":178,"column":61}},"60":{"start":{"line":179,"column":8},"end":{"line":179,"column":7745}},"61":{"start":{"line":180,"column":12},"end":{"line":180,"column":55}},"62":{"start":{"line":182,"column":8},"end":{"line":182,"column":23}},"63":{"start":{"line":186,"column":8},"end":{"line":186,"column":162}},"64":{"start":{"line":187,"column":8},"end":{"line":187,"column":144}},"65":{"start":{"line":188,"column":8},"end":{"line":188,"column":83}},"66":{"start":{"line":189,"column":8},"end":{"line":189,"column":8389}},"67":{"start":{"line":190,"column":12},"end":{"line":190,"column":131}},"68":{"start":{"line":191,"column":12},"end":{"line":191,"column":127}},"69":{"start":{"line":192,"column":12},"end":{"line":192,"column":55}},"70":{"start":{"line":194,"column":8},"end":{"line":194,"column":98}},"71":{"start":{"line":195,"column":8},"end":{"line":195,"column":51}},"72":{"start":{"line":196,"column":8},"end":{"line":196,"column":51}},"73":{"start":{"line":197,"column":8},"end":{"line":197,"column":9020}},"74":{"start":{"line":198,"column":12},"end":{"line":198,"column":49}},"75":{"start":{"line":199,"column":12},"end":{"line":199,"column":61}},"76":{"start":{"line":200,"column":12},"end":{"line":200,"column":39}},"77":{"start":{"line":201,"column":12},"end":{"line":201,"column":37}},"78":{"start":{"line":202,"column":12},"end":{"line":202,"column":71}},"79":{"start":{"line":204,"column":8},"end":{"line":204,"column":122}},"80":{"start":{"line":208,"column":8},"end":{"line":208,"column":113}},"81":{"start":{"line":209,"column":8},"end":{"line":209,"column":96}},"82":{"start":{"line":210,"column":8},"end":{"line":210,"column":53}},"83":{"start":{"line":211,"column":8},"end":{"line":211,"column":65}},"84":{"start":{"line":212,"column":8},"end":{"line":212,"column":43}},"85":{"start":{"line":215,"column":8},"end":{"line":215,"column":40}},"86":{"start":{"line":216,"column":8},"end":{"line":216,"column":52}},"87":{"start":{"line":220,"column":8},"end":{"line":220,"column":77}},"88":{"start":{"line":221,"column":8},"end":{"line":221,"column":98}},"89":{"start":{"line":222,"column":8},"end":{"line":222,"column":98}},"90":{"start":{"line":223,"column":8},"end":{"line":223,"column":183}},"91":{"start":{"line":224,"column":8},"end":{"line":224,"column":50}},"92":{"start":{"line":225,"column":8},"end":{"line":225,"column":10789}},"93":{"start":{"line":226,"column":12},"end":{"line":226,"column":49}},"94":{"start":{"line":227,"column":12},"end":{"line":227,"column":61}},"95":{"start":{"line":228,"column":12},"end":{"line":228,"column":39}},"96":{"start":{"line":229,"column":12},"end":{"line":229,"column":36}},"97":{"start":{"line":230,"column":12},"end":{"line":230,"column":48}},"98":{"start":{"line":232,"column":8},"end":{"line":232,"column":50}},"99":{"start":{"line":236,"column":8},"end":{"line":236,"column":42}},"100":{"start":{"line":237,"column":8},"end":{"line":237,"column":43}},"101":{"start":{"line":241,"column":8},"end":{"line":241,"column":83}},"102":{"start":{"line":242,"column":8},"end":{"line":242,"column":92}},"103":{"start":{"line":243,"column":8},"end":{"line":243,"column":130}},"104":{"start":{"line":251,"column":8},"end":{"line":251,"column":90}},"105":{"start":{"line":252,"column":8},"end":{"line":252,"column":52}}},"branchMap":{"1":{"line":52,"type":"if","locations":[{"start":{"line":52,"column":8},"end":{"line":52,"column":8}},{"start":{"line":52,"column":8},"end":{"line":52,"column":8}}]},"2":{"line":53,"type":"if","locations":[{"start":{"line":53,"column":8},"end":{"line":53,"column":8}},{"start":{"line":53,"column":8},"end":{"line":53,"column":8}}]},"3":{"line":71,"type":"if","locations":[{"start":{"line":71,"column":8},"end":{"line":71,"column":8}},{"start":{"line":71,"column":8},"end":{"line":71,"column":8}}]},"4":{"line":76,"type":"if","locations":[{"start":{"line":76,"column":8},"end":{"line":76,"column":8}},{"start":{"line":76,"column":8},"end":{"line":76,"column":8}}]},"5":{"line":77,"type":"if","locations":[{"start":{"line":77,"column":8},"end":{"line":77,"column":8}},{"start":{"line":77,"column":8},"end":{"line":77,"column":8}}]},"6":{"line":78,"type":"if","locations":[{"start":{"line":78,"column":8},"end":{"line":78,"column":8}},{"start":{"line":78,"column":8},"end":{"line":78,"column":8}}]},"7":{"line":79,"type":"if","locations":[{"start":{"line":79,"column":8},"end":{"line":79,"column":8}},{"start":{"line":79,"column":8},"end":{"line":79,"column":8}}]},"8":{"line":95,"type":"if","locations":[{"start":{"line":95,"column":8},"end":{"line":95,"column":8}},{"start":{"line":95,"column":8},"end":{"line":95,"column":8}}]},"9":{"line":117,"type":"if","locations":[{"start":{"line":117,"column":8},"end":{"line":117,"column":8}},{"start":{"line":117,"column":8},"end":{"line":117,"column":8}}]},"10":{"line":118,"type":"if","locations":[{"start":{"line":118,"column":8},"end":{"line":118,"column":8}},{"start":{"line":118,"column":8},"end":{"line":118,"column":8}}]},"11":{"line":127,"type":"if","locations":[{"start":{"line":127,"column":8},"end":{"line":127,"column":8}},{"start":{"line":127,"column":8},"end":{"line":127,"column":8}}]},"12":{"line":128,"type":"if","locations":[{"start":{"line":128,"column":8},"end":{"line":128,"column":8}},{"start":{"line":128,"column":8},"end":{"line":128,"column":8}}]},"13":{"line":135,"type":"if","locations":[{"start":{"line":135,"column":8},"end":{"line":135,"column":8}},{"start":{"line":135,"column":8},"end":{"line":135,"column":8}}]},"14":{"line":142,"type":"if","locations":[{"start":{"line":142,"column":8},"end":{"line":142,"column":8}},{"start":{"line":142,"column":8},"end":{"line":142,"column":8}}]},"15":{"line":144,"type":"if","locations":[{"start":{"line":144,"column":12},"end":{"line":144,"column":12}},{"start":{"line":144,"column":12},"end":{"line":144,"column":12}}]},"16":{"line":150,"type":"if","locations":[{"start":{"line":150,"column":8},"end":{"line":150,"column":8}},{"start":{"line":150,"column":8},"end":{"line":150,"column":8}}]},"17":{"line":186,"type":"if","locations":[{"start":{"line":186,"column":8},"end":{"line":186,"column":8}},{"start":{"line":186,"column":8},"end":{"line":186,"column":8}}]},"18":{"line":187,"type":"if","locations":[{"start":{"line":187,"column":8},"end":{"line":187,"column":8}},{"start":{"line":187,"column":8},"end":{"line":187,"column":8}}]},"19":{"line":188,"type":"if","locations":[{"start":{"line":188,"column":8},"end":{"line":188,"column":8}},{"start":{"line":188,"column":8},"end":{"line":188,"column":8}}]},"20":{"line":189,"type":"if","locations":[{"start":{"line":189,"column":8},"end":{"line":189,"column":8}},{"start":{"line":189,"column":8},"end":{"line":189,"column":8}}]},"21":{"line":190,"type":"if","locations":[{"start":{"line":190,"column":12},"end":{"line":190,"column":12}},{"start":{"line":190,"column":12},"end":{"line":190,"column":12}}]},"22":{"line":191,"type":"if","locations":[{"start":{"line":191,"column":12},"end":{"line":191,"column":12}},{"start":{"line":191,"column":12},"end":{"line":191,"column":12}}]},"23":{"line":208,"type":"if","locations":[{"start":{"line":208,"column":8},"end":{"line":208,"column":8}},{"start":{"line":208,"column":8},"end":{"line":208,"column":8}}]},"24":{"line":220,"type":"if","locations":[{"start":{"line":220,"column":8},"end":{"line":220,"column":8}},{"start":{"line":220,"column":8},"end":{"line":220,"column":8}}]},"25":{"line":221,"type":"if","locations":[{"start":{"line":221,"column":8},"end":{"line":221,"column":8}},{"start":{"line":221,"column":8},"end":{"line":221,"column":8}}]},"26":{"line":241,"type":"if","locations":[{"start":{"line":241,"column":8},"end":{"line":241,"column":8}},{"start":{"line":241,"column":8},"end":{"line":241,"column":8}}]},"27":{"line":251,"type":"if","locations":[{"start":{"line":251,"column":8},"end":{"line":251,"column":8}},{"start":{"line":251,"column":8},"end":{"line":251,"column":8}}]}}}}