{"contracts/interfaces/IVikings.sol":{"l":{},"path":"/home/esteban/com.geodb.9worlds.card.minigame.contracts/ethereum/contracts/interfaces/IVikings.sol","s":{},"b":{},"f":{},"fnMap":{},"statementMap":{},"branchMap":{}},"contracts/NineWorldsMinigameTest.sol":{"l":{"96":5,"97":5,"98":5,"99":5,"100":5,"101":5,"102":5,"103":5,"114":5,"118":5,"123":5,"124":75,"125":75,"126":75,"127":75,"128":75,"133":9,"134":9,"138":9,"142":9,"147":9,"148":9,"150":9,"151":9,"152":9,"153":58,"154":58,"155":0,"157":58,"158":0,"160":58,"161":0,"162":0,"164":58,"165":58,"169":9,"174":9,"175":9,"176":9,"180":3,"181":3,"182":0,"183":0,"184":0,"186":3,"187":3,"188":3,"189":3,"190":3,"192":3,"194":3,"195":3,"196":6,"197":6,"198":6,"199":6,"200":6,"202":6,"203":6,"205":3,"209":7,"210":7,"211":7,"212":3,"213":3,"214":3,"215":3,"216":3,"217":3,"218":6,"219":6,"221":6,"222":0,"225":1,"228":2,"231":0,"234":0,"237":0,"242":6,"245":3,"246":1,"247":2,"249":1,"251":1,"252":2,"254":1,"256":1,"257":2,"258":2,"260":1,"262":3,"264":3,"265":3,"266":3,"270":0,"272":0,"273":0,"274":0,"275":0,"279":0,"280":0,"281":0,"282":0,"284":0,"288":0,"291":6,"294":6,"298":0,"299":0,"300":0,"301":0,"303":0,"307":5,"311":5,"315":0,"319":0,"323":5,"327":5,"331":0,"335":0,"336":0,"337":0,"338":0,"339":0,"340":0,"342":0,"346":10,"347":16,"348":0,"351":10,"355":3,"356":3,"357":12,"362":9,"363":9,"364":9,"365":9,"376":12,"377":12,"378":3,"380":12,"382":12,"386":9,"387":9,"389":9},"path":"/home/esteban/com.geodb.9worlds.card.minigame.contracts/ethereum/contracts/NineWorldsMinigameTest.sol","s":{"1":5,"2":5,"3":5,"4":5,"5":5,"6":5,"7":5,"8":5,"9":5,"10":5,"11":5,"12":75,"13":75,"14":75,"15":75,"16":9,"17":9,"18":9,"19":9,"20":9,"21":9,"22":9,"23":9,"24":9,"25":58,"26":58,"27":58,"28":58,"29":0,"30":0,"31":58,"32":58,"33":9,"34":9,"35":9,"36":9,"37":3,"38":3,"39":0,"40":0,"41":0,"42":3,"43":3,"44":3,"45":3,"46":3,"47":3,"48":3,"49":3,"50":6,"51":6,"52":6,"53":6,"54":6,"55":6,"56":3,"57":7,"58":7,"59":7,"60":3,"61":3,"62":3,"63":3,"64":3,"65":3,"66":6,"67":6,"68":6,"69":6,"70":5,"71":3,"72":3,"73":3,"74":6,"75":3,"76":1,"77":2,"78":1,"79":2,"80":1,"81":2,"82":1,"83":1,"84":2,"85":2,"86":1,"87":3,"88":3,"89":3,"90":3,"91":0,"92":0,"93":0,"94":0,"95":0,"96":0,"97":0,"98":0,"99":0,"100":0,"101":0,"102":6,"103":6,"104":0,"105":0,"106":0,"107":0,"108":0,"109":5,"110":5,"111":0,"112":0,"113":5,"114":5,"115":0,"116":0,"117":0,"118":0,"119":0,"120":0,"121":0,"122":0,"123":10,"124":16,"125":0,"126":10,"127":3,"128":3,"129":12,"130":9,"131":9,"132":9,"133":9,"134":12,"135":12,"136":3,"137":12,"138":12,"139":9,"140":9,"141":9},"b":{"1":[5,0],"2":[5,0],"3":[9,0],"4":[9,0],"5":[9,0],"6":[0,58],"7":[0,58],"8":[0,58],"9":[58,0],"10":[9,0],"11":[0,3],"12":[3,0],"13":[3,0],"14":[3,0],"15":[7,0],"16":[3,4],"17":[3,0],"18":[0,6],"19":[1,5],"20":[2,3],"21":[0,3],"22":[0,3],"23":[0,3],"24":[1,2],"25":[1,1],"26":[0,0],"27":[0,16],"28":[9,0]},"f":{"1":5,"2":5,"3":9,"4":3,"5":7,"6":0,"7":0,"8":6,"9":6,"10":0,"11":5,"12":5,"13":0,"14":0,"15":5,"16":5,"17":0,"18":0,"19":10,"20":3,"21":9,"22":12,"23":9},"fnMap":{"1":{"name":"constructor","line":95,"loc":{"start":{"line":83,"column":4},"end":{"line":104,"column":4}}},"2":{"name":"setNftTypeAndPower","line":112,"loc":{"start":{"line":106,"column":4},"end":{"line":130,"column":4}}},"3":{"name":"createMatchAndRequestRandom","line":132,"loc":{"start":{"line":132,"column":4},"end":{"line":177,"column":4}}},"4":{"name":"initializeMatchFor","line":179,"loc":{"start":{"line":179,"column":4},"end":{"line":206,"column":4}}},"5":{"name":"resolveMatch","line":208,"loc":{"start":{"line":208,"column":4},"end":{"line":267,"column":4}}},"6":{"name":"resolveMatchWithReorder","line":269,"loc":{"start":{"line":269,"column":4},"end":{"line":285,"column":4}}},"7":{"name":"getValidNft","line":287,"loc":{"start":{"line":287,"column":4},"end":{"line":289,"column":4}}},"8":{"name":"getValidPlayerNft","line":290,"loc":{"start":{"line":290,"column":4},"end":{"line":292,"column":4}}},"9":{"name":"getValidComputerNft","line":293,"loc":{"start":{"line":293,"column":4},"end":{"line":295,"column":4}}},"10":{"name":"pointBalanceOf","line":297,"loc":{"start":{"line":297,"column":4},"end":{"line":304,"column":4}}},"11":{"name":"setNftPointForPlayerWinner","line":306,"loc":{"start":{"line":306,"column":4},"end":{"line":308,"column":4}}},"12":{"name":"setNftPointForComputerWinner","line":310,"loc":{"start":{"line":310,"column":4},"end":{"line":312,"column":4}}},"13":{"name":"setMaxMatchesPerDay","line":314,"loc":{"start":{"line":314,"column":4},"end":{"line":316,"column":4}}},"14":{"name":"setMaxNftMatchCount","line":318,"loc":{"start":{"line":318,"column":4},"end":{"line":320,"column":4}}},"15":{"name":"setNftPointForPlayerTie","line":322,"loc":{"start":{"line":322,"column":4},"end":{"line":324,"column":4}}},"16":{"name":"setNftPointForComputerTie","line":326,"loc":{"start":{"line":326,"column":4},"end":{"line":328,"column":4}}},"17":{"name":"setMaxValidId","line":330,"loc":{"start":{"line":330,"column":4},"end":{"line":332,"column":4}}},"18":{"name":"_getPlayerAndComputerPower","line":334,"loc":{"start":{"line":334,"column":4},"end":{"line":343,"column":4}}},"19":{"name":"_isOwnerOf","line":345,"loc":{"start":{"line":345,"column":4},"end":{"line":352,"column":4}}},"20":{"name":"_expandRandomAux","line":354,"loc":{"start":{"line":354,"column":4},"end":{"line":359,"column":4}}},"21":{"name":"requestRandomValue","line":361,"loc":{"start":{"line":361,"column":4},"end":{"line":366,"column":4}}},"22":{"name":"_generateNonRepeatedRandomIndex","line":368,"loc":{"start":{"line":368,"column":4},"end":{"line":383,"column":4}}},"23":{"name":"fulfillRandomness","line":385,"loc":{"start":{"line":385,"column":4},"end":{"line":390,"column":4}}}},"statementMap":{"1":{"start":{"line":96,"column":8},"end":{"line":96,"column":41}},"2":{"start":{"line":97,"column":8},"end":{"line":97,"column":43}},"3":{"start":{"line":98,"column":8},"end":{"line":98,"column":43}},"4":{"start":{"line":99,"column":8},"end":{"line":99,"column":57}},"5":{"start":{"line":100,"column":8},"end":{"line":100,"column":61}},"6":{"start":{"line":101,"column":8},"end":{"line":101,"column":51}},"7":{"start":{"line":102,"column":8},"end":{"line":102,"column":55}},"8":{"start":{"line":103,"column":8},"end":{"line":103,"column":31}},"9":{"start":{"line":114,"column":8},"end":{"line":114,"column":3792}},"10":{"start":{"line":118,"column":8},"end":{"line":118,"column":3926}},"11":{"start":{"line":123,"column":8},"end":{"line":123,"column":4061}},"12":{"start":{"line":124,"column":12},"end":{"line":124,"column":68}},"13":{"start":{"line":125,"column":12},"end":{"line":125,"column":44}},"14":{"start":{"line":126,"column":12},"end":{"line":126,"column":45}},"15":{"start":{"line":127,"column":12},"end":{"line":127,"column":64}},"16":{"start":{"line":133,"column":8},"end":{"line":133,"column":79}},"17":{"start":{"line":134,"column":8},"end":{"line":134,"column":4545}},"18":{"start":{"line":138,"column":8},"end":{"line":138,"column":4670}},"19":{"start":{"line":142,"column":8},"end":{"line":142,"column":4809}},"20":{"start":{"line":147,"column":8},"end":{"line":147,"column":30}},"21":{"start":{"line":148,"column":8},"end":{"line":148,"column":47}},"22":{"start":{"line":150,"column":8},"end":{"line":150,"column":45}},"23":{"start":{"line":151,"column":8},"end":{"line":151,"column":58}},"24":{"start":{"line":152,"column":8},"end":{"line":152,"column":5153}},"25":{"start":{"line":153,"column":12},"end":{"line":153,"column":39}},"26":{"start":{"line":154,"column":12},"end":{"line":154,"column":5256}},"27":{"start":{"line":157,"column":12},"end":{"line":157,"column":5333}},"28":{"start":{"line":160,"column":12},"end":{"line":160,"column":5440}},"29":{"start":{"line":161,"column":16},"end":{"line":161,"column":78}},"30":{"start":{"line":162,"column":16},"end":{"line":162,"column":57}},"31":{"start":{"line":164,"column":12},"end":{"line":164,"column":5697}},"32":{"start":{"line":165,"column":16},"end":{"line":165,"column":65}},"33":{"start":{"line":169,"column":8},"end":{"line":169,"column":5858}},"34":{"start":{"line":174,"column":8},"end":{"line":174,"column":47}},"35":{"start":{"line":175,"column":8},"end":{"line":175,"column":48}},"36":{"start":{"line":176,"column":8},"end":{"line":176,"column":34}},"37":{"start":{"line":180,"column":8},"end":{"line":180,"column":48}},"38":{"start":{"line":181,"column":8},"end":{"line":181,"column":6296}},"39":{"start":{"line":182,"column":12},"end":{"line":182,"column":54}},"40":{"start":{"line":183,"column":12},"end":{"line":183,"column":37}},"41":{"start":{"line":184,"column":12},"end":{"line":184,"column":18}},"42":{"start":{"line":186,"column":8},"end":{"line":186,"column":82}},"43":{"start":{"line":187,"column":8},"end":{"line":187,"column":111}},"44":{"start":{"line":188,"column":8},"end":{"line":188,"column":110}},"45":{"start":{"line":189,"column":8},"end":{"line":189,"column":65}},"46":{"start":{"line":190,"column":8},"end":{"line":190,"column":66}},"47":{"start":{"line":192,"column":8},"end":{"line":192,"column":89}},"48":{"start":{"line":194,"column":8},"end":{"line":194,"column":80}},"49":{"start":{"line":195,"column":8},"end":{"line":195,"column":7126}},"50":{"start":{"line":196,"column":12},"end":{"line":196,"column":169}},"51":{"start":{"line":197,"column":12},"end":{"line":197,"column":74}},"52":{"start":{"line":198,"column":12},"end":{"line":198,"column":64}},"53":{"start":{"line":200,"column":12},"end":{"line":200,"column":66}},"54":{"start":{"line":202,"column":12},"end":{"line":202,"column":177}},"55":{"start":{"line":203,"column":12},"end":{"line":203,"column":73}},"56":{"start":{"line":205,"column":8},"end":{"line":205,"column":52}},"57":{"start":{"line":209,"column":8},"end":{"line":209,"column":56}},"58":{"start":{"line":210,"column":8},"end":{"line":210,"column":8057}},"59":{"start":{"line":211,"column":12},"end":{"line":211,"column":121}},"60":{"start":{"line":212,"column":12},"end":{"line":212,"column":98}},"61":{"start":{"line":213,"column":12},"end":{"line":213,"column":73}},"62":{"start":{"line":214,"column":12},"end":{"line":214,"column":77}},"63":{"start":{"line":215,"column":12},"end":{"line":215,"column":32}},"64":{"start":{"line":216,"column":12},"end":{"line":216,"column":34}},"65":{"start":{"line":217,"column":12},"end":{"line":217,"column":8593}},"66":{"start":{"line":218,"column":16},"end":{"line":218,"column":73}},"67":{"start":{"line":219,"column":16},"end":{"line":219,"column":77}},"68":{"start":{"line":221,"column":16},"end":{"line":221,"column":8849}},"69":{"start":{"line":224,"column":23},"end":{"line":224,"column":9008}},"70":{"start":{"line":227,"column":23},"end":{"line":227,"column":9172}},"71":{"start":{"line":230,"column":23},"end":{"line":230,"column":9332}},"72":{"start":{"line":233,"column":23},"end":{"line":233,"column":9493}},"73":{"start":{"line":236,"column":23},"end":{"line":236,"column":9655}},"74":{"start":{"line":242,"column":16},"end":{"line":242,"column":62}},"75":{"start":{"line":245,"column":12},"end":{"line":245,"column":9952}},"76":{"start":{"line":246,"column":16},"end":{"line":246,"column":10008}},"77":{"start":{"line":247,"column":20},"end":{"line":247,"column":81}},"78":{"start":{"line":249,"column":16},"end":{"line":249,"column":71}},"79":{"start":{"line":250,"column":19},"end":{"line":250,"column":10260}},"80":{"start":{"line":251,"column":16},"end":{"line":251,"column":10316}},"81":{"start":{"line":252,"column":20},"end":{"line":252,"column":85}},"82":{"start":{"line":254,"column":16},"end":{"line":254,"column":73}},"83":{"start":{"line":256,"column":16},"end":{"line":256,"column":10600}},"84":{"start":{"line":257,"column":20},"end":{"line":257,"column":78}},"85":{"start":{"line":258,"column":20},"end":{"line":258,"column":82}},"86":{"start":{"line":260,"column":16},"end":{"line":260,"column":65}},"87":{"start":{"line":262,"column":12},"end":{"line":262,"column":54}},"88":{"start":{"line":264,"column":8},"end":{"line":264,"column":50}},"89":{"start":{"line":265,"column":8},"end":{"line":265,"column":41}},"90":{"start":{"line":266,"column":8},"end":{"line":266,"column":35}},"91":{"start":{"line":270,"column":8},"end":{"line":270,"column":56}},"92":{"start":{"line":272,"column":8},"end":{"line":272,"column":27}},"93":{"start":{"line":273,"column":8},"end":{"line":273,"column":29}},"94":{"start":{"line":274,"column":8},"end":{"line":274,"column":73}},"95":{"start":{"line":275,"column":8},"end":{"line":275,"column":11413}},"96":{"start":{"line":279,"column":8},"end":{"line":279,"column":70}},"97":{"start":{"line":280,"column":8},"end":{"line":280,"column":41}},"98":{"start":{"line":281,"column":8},"end":{"line":281,"column":48}},"99":{"start":{"line":282,"column":8},"end":{"line":282,"column":35}},"100":{"start":{"line":284,"column":8},"end":{"line":284,"column":21}},"101":{"start":{"line":288,"column":8},"end":{"line":288,"column":62}},"102":{"start":{"line":291,"column":8},"end":{"line":291,"column":55}},"103":{"start":{"line":294,"column":8},"end":{"line":294,"column":57}},"104":{"start":{"line":298,"column":8},"end":{"line":298,"column":71}},"105":{"start":{"line":299,"column":8},"end":{"line":299,"column":27}},"106":{"start":{"line":300,"column":8},"end":{"line":300,"column":12478}},"107":{"start":{"line":301,"column":12},"end":{"line":301,"column":59}},"108":{"start":{"line":303,"column":8},"end":{"line":303,"column":26}},"109":{"start":{"line":307,"column":8},"end":{"line":307,"column":40}},"110":{"start":{"line":311,"column":8},"end":{"line":311,"column":42}},"111":{"start":{"line":315,"column":8},"end":{"line":315,"column":37}},"112":{"start":{"line":319,"column":8},"end":{"line":319,"column":43}},"113":{"start":{"line":323,"column":8},"end":{"line":323,"column":51}},"114":{"start":{"line":327,"column":8},"end":{"line":327,"column":55}},"115":{"start":{"line":331,"column":8},"end":{"line":331,"column":31}},"116":{"start":{"line":335,"column":8},"end":{"line":335,"column":57}},"117":{"start":{"line":336,"column":8},"end":{"line":336,"column":31}},"118":{"start":{"line":337,"column":8},"end":{"line":337,"column":33}},"119":{"start":{"line":338,"column":8},"end":{"line":338,"column":13797}},"120":{"start":{"line":339,"column":12},"end":{"line":339,"column":77}},"121":{"start":{"line":340,"column":12},"end":{"line":340,"column":81}},"122":{"start":{"line":342,"column":8},"end":{"line":342,"column":43}},"123":{"start":{"line":346,"column":8},"end":{"line":346,"column":14179}},"124":{"start":{"line":347,"column":12},"end":{"line":347,"column":14236}},"125":{"start":{"line":348,"column":16},"end":{"line":348,"column":28}},"126":{"start":{"line":351,"column":8},"end":{"line":351,"column":19}},"127":{"start":{"line":355,"column":8},"end":{"line":355,"column":40}},"128":{"start":{"line":356,"column":8},"end":{"line":356,"column":14533}},"129":{"start":{"line":357,"column":12},"end":{"line":357,"column":77}},"130":{"start":{"line":362,"column":8},"end":{"line":362,"column":120}},"131":{"start":{"line":363,"column":8},"end":{"line":363,"column":54}},"132":{"start":{"line":364,"column":8},"end":{"line":364,"column":47}},"133":{"start":{"line":365,"column":8},"end":{"line":365,"column":37}},"134":{"start":{"line":376,"column":8},"end":{"line":376,"column":69}},"135":{"start":{"line":377,"column":8},"end":{"line":377,"column":15344}},"136":{"start":{"line":378,"column":12},"end":{"line":378,"column":55}},"137":{"start":{"line":380,"column":8},"end":{"line":380,"column":43}},"138":{"start":{"line":382,"column":8},"end":{"line":382,"column":26}},"139":{"start":{"line":386,"column":8},"end":{"line":386,"column":55}},"140":{"start":{"line":387,"column":8},"end":{"line":387,"column":56}},"141":{"start":{"line":389,"column":8},"end":{"line":389,"column":48}}},"branchMap":{"1":{"line":114,"type":"if","locations":[{"start":{"line":114,"column":8},"end":{"line":114,"column":8}},{"start":{"line":114,"column":8},"end":{"line":114,"column":8}}]},"2":{"line":118,"type":"if","locations":[{"start":{"line":118,"column":8},"end":{"line":118,"column":8}},{"start":{"line":118,"column":8},"end":{"line":118,"column":8}}]},"3":{"line":134,"type":"if","locations":[{"start":{"line":134,"column":8},"end":{"line":134,"column":8}},{"start":{"line":134,"column":8},"end":{"line":134,"column":8}}]},"4":{"line":138,"type":"if","locations":[{"start":{"line":138,"column":8},"end":{"line":138,"column":8}},{"start":{"line":138,"column":8},"end":{"line":138,"column":8}}]},"5":{"line":142,"type":"if","locations":[{"start":{"line":142,"column":8},"end":{"line":142,"column":8}},{"start":{"line":142,"column":8},"end":{"line":142,"column":8}}]},"6":{"line":154,"type":"if","locations":[{"start":{"line":154,"column":12},"end":{"line":154,"column":12}},{"start":{"line":154,"column":12},"end":{"line":154,"column":12}}]},"7":{"line":157,"type":"if","locations":[{"start":{"line":157,"column":12},"end":{"line":157,"column":12}},{"start":{"line":157,"column":12},"end":{"line":157,"column":12}}]},"8":{"line":160,"type":"if","locations":[{"start":{"line":160,"column":12},"end":{"line":160,"column":12}},{"start":{"line":160,"column":12},"end":{"line":160,"column":12}}]},"9":{"line":164,"type":"if","locations":[{"start":{"line":164,"column":12},"end":{"line":164,"column":12}},{"start":{"line":164,"column":12},"end":{"line":164,"column":12}}]},"10":{"line":169,"type":"if","locations":[{"start":{"line":169,"column":8},"end":{"line":169,"column":8}},{"start":{"line":169,"column":8},"end":{"line":169,"column":8}}]},"11":{"line":181,"type":"if","locations":[{"start":{"line":181,"column":8},"end":{"line":181,"column":8}},{"start":{"line":181,"column":8},"end":{"line":181,"column":8}}]},"12":{"line":186,"type":"if","locations":[{"start":{"line":186,"column":8},"end":{"line":186,"column":8}},{"start":{"line":186,"column":8},"end":{"line":186,"column":8}}]},"13":{"line":187,"type":"if","locations":[{"start":{"line":187,"column":8},"end":{"line":187,"column":8}},{"start":{"line":187,"column":8},"end":{"line":187,"column":8}}]},"14":{"line":188,"type":"if","locations":[{"start":{"line":188,"column":8},"end":{"line":188,"column":8}},{"start":{"line":188,"column":8},"end":{"line":188,"column":8}}]},"15":{"line":210,"type":"if","locations":[{"start":{"line":210,"column":8},"end":{"line":210,"column":8}},{"start":{"line":210,"column":8},"end":{"line":210,"column":8}}]},"16":{"line":211,"type":"if","locations":[{"start":{"line":211,"column":12},"end":{"line":211,"column":12}},{"start":{"line":211,"column":12},"end":{"line":211,"column":12}}]},"17":{"line":212,"type":"if","locations":[{"start":{"line":212,"column":12},"end":{"line":212,"column":12}},{"start":{"line":212,"column":12},"end":{"line":212,"column":12}}]},"18":{"line":221,"type":"if","locations":[{"start":{"line":221,"column":16},"end":{"line":221,"column":16}},{"start":{"line":221,"column":16},"end":{"line":221,"column":16}}]},"19":{"line":224,"type":"if","locations":[{"start":{"line":224,"column":23},"end":{"line":224,"column":23}},{"start":{"line":224,"column":23},"end":{"line":224,"column":23}}]},"20":{"line":227,"type":"if","locations":[{"start":{"line":227,"column":23},"end":{"line":227,"column":23}},{"start":{"line":227,"column":23},"end":{"line":227,"column":23}}]},"21":{"line":230,"type":"if","locations":[{"start":{"line":230,"column":23},"end":{"line":230,"column":23}},{"start":{"line":230,"column":23},"end":{"line":230,"column":23}}]},"22":{"line":233,"type":"if","locations":[{"start":{"line":233,"column":23},"end":{"line":233,"column":23}},{"start":{"line":233,"column":23},"end":{"line":233,"column":23}}]},"23":{"line":236,"type":"if","locations":[{"start":{"line":236,"column":23},"end":{"line":236,"column":23}},{"start":{"line":236,"column":23},"end":{"line":236,"column":23}}]},"24":{"line":245,"type":"if","locations":[{"start":{"line":245,"column":12},"end":{"line":245,"column":12}},{"start":{"line":245,"column":12},"end":{"line":245,"column":12}}]},"25":{"line":250,"type":"if","locations":[{"start":{"line":250,"column":19},"end":{"line":250,"column":19}},{"start":{"line":250,"column":19},"end":{"line":250,"column":19}}]},"26":{"line":275,"type":"if","locations":[{"start":{"line":275,"column":8},"end":{"line":275,"column":8}},{"start":{"line":275,"column":8},"end":{"line":275,"column":8}}]},"27":{"line":347,"type":"if","locations":[{"start":{"line":347,"column":12},"end":{"line":347,"column":12}},{"start":{"line":347,"column":12},"end":{"line":347,"column":12}}]},"28":{"line":362,"type":"if","locations":[{"start":{"line":362,"column":8},"end":{"line":362,"column":8}},{"start":{"line":362,"column":8},"end":{"line":362,"column":8}}]}}},"contracts/Vikings.sol":{"l":{"52":5,"53":5,"55":5,"56":35,"57":35,"58":35,"59":35,"60":35,"61":35,"62":35,"64":5,"65":5,"66":5,"67":5,"71":70,"72":70,"76":70,"77":70,"78":70,"79":70,"80":70,"84":0,"88":0,"89":0,"90":0,"91":0,"92":0,"93":0,"94":0,"95":0,"96":0,"101":0,"105":0,"109":0,"113":0,"117":0,"118":0,"119":0,"120":0,"122":0,"123":0,"127":0,"128":0,"129":0,"130":0,"135":0,"136":0,"137":0,"142":0,"143":0,"144":0,"145":0,"150":0,"151":0,"152":0,"157":0,"161":0,"165":0,"169":0,"173":0,"177":9,"178":9,"179":9,"180":58,"182":9,"186":0,"187":0,"188":0,"189":0,"190":0,"191":0,"192":0,"194":0,"195":0,"196":0,"197":0,"198":0,"199":0,"200":0,"201":0,"202":0,"204":0,"208":70,"209":70,"210":70,"211":70,"212":70,"213":70,"214":70,"215":70,"216":70,"220":0,"221":0,"222":0,"223":0,"224":0,"225":0,"226":0,"227":0,"228":0,"229":0,"230":0,"232":0,"236":0,"237":0,"241":0,"242":0,"243":0,"251":70,"252":70},"path":"/home/esteban/com.geodb.9worlds.card.minigame.contracts/ethereum/contracts/Vikings.sol","s":{"1":5,"2":5,"3":5,"4":35,"5":35,"6":35,"7":35,"8":35,"9":35,"10":35,"11":5,"12":5,"13":5,"14":5,"15":70,"16":70,"17":70,"18":70,"19":70,"20":0,"21":0,"22":0,"23":0,"24":0,"25":0,"26":0,"27":0,"28":0,"29":0,"30":0,"31":0,"32":0,"33":0,"34":0,"35":0,"36":0,"37":0,"38":0,"39":0,"40":0,"41":0,"42":0,"43":0,"44":0,"45":0,"46":0,"47":0,"48":0,"49":0,"50":0,"51":0,"52":0,"53":0,"54":0,"55":0,"56":0,"57":0,"58":9,"59":9,"60":9,"61":58,"62":9,"63":0,"64":0,"65":0,"66":0,"67":0,"68":0,"69":0,"70":0,"71":0,"72":0,"73":0,"74":0,"75":0,"76":0,"77":0,"78":0,"79":0,"80":70,"81":70,"82":70,"83":70,"84":70,"85":70,"86":70,"87":0,"88":0,"89":0,"90":0,"91":0,"92":0,"93":0,"94":0,"95":0,"96":0,"97":0,"98":0,"99":0,"100":0,"101":0,"102":0,"103":0,"104":70,"105":70},"b":{"1":[5,0],"2":[5,0],"3":[70,0],"4":[70,0],"5":[70,0],"6":[70,0],"7":[70,0],"8":[0,0],"9":[0,0],"10":[0,0],"11":[0,0],"12":[0,0],"13":[0,0],"14":[0,0],"15":[0,0],"16":[0,0],"17":[0,0],"18":[0,0],"19":[0,0],"20":[0,0],"21":[0,0],"22":[0,0],"23":[70,0],"24":[0,0],"25":[0,0],"26":[0,0],"27":[70,0]},"f":{"1":5,"2":70,"3":70,"4":0,"5":0,"6":0,"7":0,"8":0,"9":0,"10":0,"11":0,"12":0,"13":0,"14":0,"15":0,"16":0,"17":0,"18":0,"19":0,"20":9,"21":0,"22":70,"23":0,"24":0,"25":0,"26":70},"fnMap":{"1":{"name":"constructor","line":51,"loc":{"start":{"line":50,"column":4},"end":{"line":68,"column":4}}},"2":{"name":"onlyMinter","line":70,"loc":{"start":{"line":70,"column":4},"end":{"line":73,"column":4}}},"3":{"name":"checkTypeMint","line":75,"loc":{"start":{"line":75,"column":4},"end":{"line":81,"column":4}}},"4":{"name":"setBaseURI","line":83,"loc":{"start":{"line":83,"column":4},"end":{"line":85,"column":4}}},"5":{"name":"setMintType","line":87,"loc":{"start":{"line":87,"column":4},"end":{"line":98,"column":4}}},"6":{"name":"setBaseExtension","line":100,"loc":{"start":{"line":100,"column":4},"end":{"line":102,"column":4}}},"7":{"name":"setSaleToken","line":104,"loc":{"start":{"line":104,"column":4},"end":{"line":106,"column":4}}},"8":{"name":"setFeeReceiver","line":108,"loc":{"start":{"line":108,"column":4},"end":{"line":110,"column":4}}},"9":{"name":"setMaxAmountMintTx","line":112,"loc":{"start":{"line":112,"column":4},"end":{"line":114,"column":4}}},"10":{"name":"setWhitelist","line":116,"loc":{"start":{"line":116,"column":4},"end":{"line":124,"column":4}}},"11":{"name":"setWhitelistBatch","line":126,"loc":{"start":{"line":126,"column":4},"end":{"line":132,"column":4}}},"12":{"name":"setMinters","line":134,"loc":{"start":{"line":134,"column":4},"end":{"line":139,"column":4}}},"13":{"name":"updateStrength","line":141,"loc":{"start":{"line":141,"column":4},"end":{"line":147,"column":4}}},"14":{"name":"deleteWhitelistBatch","line":149,"loc":{"start":{"line":149,"column":4},"end":{"line":154,"column":4}}},"15":{"name":"pause","line":156,"loc":{"start":{"line":156,"column":4},"end":{"line":158,"column":4}}},"16":{"name":"unpause","line":160,"loc":{"start":{"line":160,"column":4},"end":{"line":162,"column":4}}},"17":{"name":"tokenStrength","line":164,"loc":{"start":{"line":164,"column":4},"end":{"line":166,"column":4}}},"18":{"name":"isVikingLocked","line":168,"loc":{"start":{"line":168,"column":4},"end":{"line":170,"column":4}}},"19":{"name":"getCurrentMaxSupply","line":172,"loc":{"start":{"line":172,"column":4},"end":{"line":174,"column":4}}},"20":{"name":"walletOfOwner","line":176,"loc":{"start":{"line":176,"column":4},"end":{"line":183,"column":4}}},"21":{"name":"saleMint","line":185,"loc":{"start":{"line":185,"column":4},"end":{"line":205,"column":4}}},"22":{"name":"mintByType","line":207,"loc":{"start":{"line":207,"column":4},"end":{"line":217,"column":4}}},"23":{"name":"mintSupplyLeft","line":219,"loc":{"start":{"line":219,"column":4},"end":{"line":233,"column":4}}},"24":{"name":"lockToken","line":235,"loc":{"start":{"line":235,"column":4},"end":{"line":238,"column":4}}},"25":{"name":"tokenURI","line":240,"loc":{"start":{"line":240,"column":4},"end":{"line":244,"column":4}}},"26":{"name":"_beforeTokenTransfer","line":250,"loc":{"start":{"line":246,"column":4},"end":{"line":253,"column":4}}}},"statementMap":{"1":{"start":{"line":52,"column":8},"end":{"line":52,"column":77}},"2":{"start":{"line":53,"column":8},"end":{"line":53,"column":2100}},"3":{"start":{"line":55,"column":8},"end":{"line":55,"column":2260}},"4":{"start":{"line":56,"column":12},"end":{"line":56,"column":56}},"5":{"start":{"line":57,"column":12},"end":{"line":57,"column":58}},"6":{"start":{"line":58,"column":12},"end":{"line":58,"column":52}},"7":{"start":{"line":59,"column":12},"end":{"line":59,"column":48}},"8":{"start":{"line":60,"column":12},"end":{"line":60,"column":50}},"9":{"start":{"line":61,"column":12},"end":{"line":61,"column":44}},"10":{"start":{"line":62,"column":12},"end":{"line":62,"column":53}},"11":{"start":{"line":64,"column":8},"end":{"line":64,"column":39}},"12":{"start":{"line":65,"column":8},"end":{"line":65,"column":30}},"13":{"start":{"line":66,"column":8},"end":{"line":66,"column":33}},"14":{"start":{"line":67,"column":8},"end":{"line":67,"column":29}},"15":{"start":{"line":71,"column":8},"end":{"line":71,"column":83}},"16":{"start":{"line":76,"column":8},"end":{"line":76,"column":80}},"17":{"start":{"line":77,"column":8},"end":{"line":77,"column":96}},"18":{"start":{"line":78,"column":8},"end":{"line":78,"column":77}},"19":{"start":{"line":79,"column":8},"end":{"line":79,"column":159}},"20":{"start":{"line":84,"column":8},"end":{"line":84,"column":54}},"21":{"start":{"line":88,"column":8},"end":{"line":88,"column":57}},"22":{"start":{"line":89,"column":8},"end":{"line":89,"column":59}},"23":{"start":{"line":90,"column":8},"end":{"line":90,"column":53}},"24":{"start":{"line":91,"column":8},"end":{"line":91,"column":49}},"25":{"start":{"line":92,"column":8},"end":{"line":92,"column":51}},"26":{"start":{"line":93,"column":8},"end":{"line":93,"column":45}},"27":{"start":{"line":94,"column":8},"end":{"line":94,"column":54}},"28":{"start":{"line":95,"column":8},"end":{"line":95,"column":4242}},"29":{"start":{"line":101,"column":8},"end":{"line":101,"column":37}},"30":{"start":{"line":105,"column":8},"end":{"line":105,"column":29}},"31":{"start":{"line":109,"column":8},"end":{"line":109,"column":33}},"32":{"start":{"line":113,"column":8},"end":{"line":113,"column":41}},"33":{"start":{"line":117,"column":8},"end":{"line":117,"column":96}},"34":{"start":{"line":118,"column":8},"end":{"line":118,"column":94}},"35":{"start":{"line":119,"column":8},"end":{"line":119,"column":5158}},"36":{"start":{"line":120,"column":12},"end":{"line":120,"column":62}},"37":{"start":{"line":122,"column":8},"end":{"line":122,"column":47}},"38":{"start":{"line":123,"column":8},"end":{"line":123,"column":43}},"39":{"start":{"line":127,"column":8},"end":{"line":127,"column":82}},"40":{"start":{"line":128,"column":8},"end":{"line":128,"column":94}},"41":{"start":{"line":129,"column":8},"end":{"line":129,"column":5686}},"42":{"start":{"line":130,"column":12},"end":{"line":130,"column":63}},"43":{"start":{"line":135,"column":8},"end":{"line":135,"column":112}},"44":{"start":{"line":136,"column":8},"end":{"line":136,"column":6035}},"45":{"start":{"line":137,"column":12},"end":{"line":137,"column":43}},"46":{"start":{"line":142,"column":8},"end":{"line":142,"column":156}},"47":{"start":{"line":143,"column":8},"end":{"line":143,"column":6419}},"48":{"start":{"line":144,"column":12},"end":{"line":144,"column":106}},"49":{"start":{"line":145,"column":12},"end":{"line":145,"column":58}},"50":{"start":{"line":150,"column":8},"end":{"line":150,"column":82}},"51":{"start":{"line":151,"column":8},"end":{"line":151,"column":6831}},"52":{"start":{"line":152,"column":12},"end":{"line":152,"column":48}},"53":{"start":{"line":157,"column":8},"end":{"line":157,"column":15}},"54":{"start":{"line":161,"column":8},"end":{"line":161,"column":17}},"55":{"start":{"line":165,"column":8},"end":{"line":165,"column":41}},"56":{"start":{"line":169,"column":8},"end":{"line":169,"column":62}},"57":{"start":{"line":173,"column":8},"end":{"line":173,"column":99}},"58":{"start":{"line":177,"column":8},"end":{"line":177,"column":46}},"59":{"start":{"line":178,"column":8},"end":{"line":178,"column":61}},"60":{"start":{"line":179,"column":8},"end":{"line":179,"column":7745}},"61":{"start":{"line":180,"column":12},"end":{"line":180,"column":55}},"62":{"start":{"line":182,"column":8},"end":{"line":182,"column":23}},"63":{"start":{"line":186,"column":8},"end":{"line":186,"column":162}},"64":{"start":{"line":187,"column":8},"end":{"line":187,"column":144}},"65":{"start":{"line":188,"column":8},"end":{"line":188,"column":83}},"66":{"start":{"line":189,"column":8},"end":{"line":189,"column":8389}},"67":{"start":{"line":190,"column":12},"end":{"line":190,"column":131}},"68":{"start":{"line":191,"column":12},"end":{"line":191,"column":127}},"69":{"start":{"line":192,"column":12},"end":{"line":192,"column":55}},"70":{"start":{"line":194,"column":8},"end":{"line":194,"column":98}},"71":{"start":{"line":195,"column":8},"end":{"line":195,"column":51}},"72":{"start":{"line":196,"column":8},"end":{"line":196,"column":51}},"73":{"start":{"line":197,"column":8},"end":{"line":197,"column":9020}},"74":{"start":{"line":198,"column":12},"end":{"line":198,"column":49}},"75":{"start":{"line":199,"column":12},"end":{"line":199,"column":61}},"76":{"start":{"line":200,"column":12},"end":{"line":200,"column":39}},"77":{"start":{"line":201,"column":12},"end":{"line":201,"column":37}},"78":{"start":{"line":202,"column":12},"end":{"line":202,"column":71}},"79":{"start":{"line":204,"column":8},"end":{"line":204,"column":122}},"80":{"start":{"line":208,"column":8},"end":{"line":208,"column":113}},"81":{"start":{"line":209,"column":8},"end":{"line":209,"column":96}},"82":{"start":{"line":210,"column":8},"end":{"line":210,"column":53}},"83":{"start":{"line":211,"column":8},"end":{"line":211,"column":65}},"84":{"start":{"line":212,"column":8},"end":{"line":212,"column":43}},"85":{"start":{"line":215,"column":8},"end":{"line":215,"column":40}},"86":{"start":{"line":216,"column":8},"end":{"line":216,"column":52}},"87":{"start":{"line":220,"column":8},"end":{"line":220,"column":77}},"88":{"start":{"line":221,"column":8},"end":{"line":221,"column":98}},"89":{"start":{"line":222,"column":8},"end":{"line":222,"column":98}},"90":{"start":{"line":223,"column":8},"end":{"line":223,"column":183}},"91":{"start":{"line":224,"column":8},"end":{"line":224,"column":50}},"92":{"start":{"line":225,"column":8},"end":{"line":225,"column":10789}},"93":{"start":{"line":226,"column":12},"end":{"line":226,"column":49}},"94":{"start":{"line":227,"column":12},"end":{"line":227,"column":61}},"95":{"start":{"line":228,"column":12},"end":{"line":228,"column":39}},"96":{"start":{"line":229,"column":12},"end":{"line":229,"column":36}},"97":{"start":{"line":230,"column":12},"end":{"line":230,"column":48}},"98":{"start":{"line":232,"column":8},"end":{"line":232,"column":50}},"99":{"start":{"line":236,"column":8},"end":{"line":236,"column":42}},"100":{"start":{"line":237,"column":8},"end":{"line":237,"column":43}},"101":{"start":{"line":241,"column":8},"end":{"line":241,"column":83}},"102":{"start":{"line":242,"column":8},"end":{"line":242,"column":92}},"103":{"start":{"line":243,"column":8},"end":{"line":243,"column":130}},"104":{"start":{"line":251,"column":8},"end":{"line":251,"column":90}},"105":{"start":{"line":252,"column":8},"end":{"line":252,"column":52}}},"branchMap":{"1":{"line":52,"type":"if","locations":[{"start":{"line":52,"column":8},"end":{"line":52,"column":8}},{"start":{"line":52,"column":8},"end":{"line":52,"column":8}}]},"2":{"line":53,"type":"if","locations":[{"start":{"line":53,"column":8},"end":{"line":53,"column":8}},{"start":{"line":53,"column":8},"end":{"line":53,"column":8}}]},"3":{"line":71,"type":"if","locations":[{"start":{"line":71,"column":8},"end":{"line":71,"column":8}},{"start":{"line":71,"column":8},"end":{"line":71,"column":8}}]},"4":{"line":76,"type":"if","locations":[{"start":{"line":76,"column":8},"end":{"line":76,"column":8}},{"start":{"line":76,"column":8},"end":{"line":76,"column":8}}]},"5":{"line":77,"type":"if","locations":[{"start":{"line":77,"column":8},"end":{"line":77,"column":8}},{"start":{"line":77,"column":8},"end":{"line":77,"column":8}}]},"6":{"line":78,"type":"if","locations":[{"start":{"line":78,"column":8},"end":{"line":78,"column":8}},{"start":{"line":78,"column":8},"end":{"line":78,"column":8}}]},"7":{"line":79,"type":"if","locations":[{"start":{"line":79,"column":8},"end":{"line":79,"column":8}},{"start":{"line":79,"column":8},"end":{"line":79,"column":8}}]},"8":{"line":95,"type":"if","locations":[{"start":{"line":95,"column":8},"end":{"line":95,"column":8}},{"start":{"line":95,"column":8},"end":{"line":95,"column":8}}]},"9":{"line":117,"type":"if","locations":[{"start":{"line":117,"column":8},"end":{"line":117,"column":8}},{"start":{"line":117,"column":8},"end":{"line":117,"column":8}}]},"10":{"line":118,"type":"if","locations":[{"start":{"line":118,"column":8},"end":{"line":118,"column":8}},{"start":{"line":118,"column":8},"end":{"line":118,"column":8}}]},"11":{"line":127,"type":"if","locations":[{"start":{"line":127,"column":8},"end":{"line":127,"column":8}},{"start":{"line":127,"column":8},"end":{"line":127,"column":8}}]},"12":{"line":128,"type":"if","locations":[{"start":{"line":128,"column":8},"end":{"line":128,"column":8}},{"start":{"line":128,"column":8},"end":{"line":128,"column":8}}]},"13":{"line":135,"type":"if","locations":[{"start":{"line":135,"column":8},"end":{"line":135,"column":8}},{"start":{"line":135,"column":8},"end":{"line":135,"column":8}}]},"14":{"line":142,"type":"if","locations":[{"start":{"line":142,"column":8},"end":{"line":142,"column":8}},{"start":{"line":142,"column":8},"end":{"line":142,"column":8}}]},"15":{"line":144,"type":"if","locations":[{"start":{"line":144,"column":12},"end":{"line":144,"column":12}},{"start":{"line":144,"column":12},"end":{"line":144,"column":12}}]},"16":{"line":150,"type":"if","locations":[{"start":{"line":150,"column":8},"end":{"line":150,"column":8}},{"start":{"line":150,"column":8},"end":{"line":150,"column":8}}]},"17":{"line":186,"type":"if","locations":[{"start":{"line":186,"column":8},"end":{"line":186,"column":8}},{"start":{"line":186,"column":8},"end":{"line":186,"column":8}}]},"18":{"line":187,"type":"if","locations":[{"start":{"line":187,"column":8},"end":{"line":187,"column":8}},{"start":{"line":187,"column":8},"end":{"line":187,"column":8}}]},"19":{"line":188,"type":"if","locations":[{"start":{"line":188,"column":8},"end":{"line":188,"column":8}},{"start":{"line":188,"column":8},"end":{"line":188,"column":8}}]},"20":{"line":189,"type":"if","locations":[{"start":{"line":189,"column":8},"end":{"line":189,"column":8}},{"start":{"line":189,"column":8},"end":{"line":189,"column":8}}]},"21":{"line":190,"type":"if","locations":[{"start":{"line":190,"column":12},"end":{"line":190,"column":12}},{"start":{"line":190,"column":12},"end":{"line":190,"column":12}}]},"22":{"line":191,"type":"if","locations":[{"start":{"line":191,"column":12},"end":{"line":191,"column":12}},{"start":{"line":191,"column":12},"end":{"line":191,"column":12}}]},"23":{"line":208,"type":"if","locations":[{"start":{"line":208,"column":8},"end":{"line":208,"column":8}},{"start":{"line":208,"column":8},"end":{"line":208,"column":8}}]},"24":{"line":220,"type":"if","locations":[{"start":{"line":220,"column":8},"end":{"line":220,"column":8}},{"start":{"line":220,"column":8},"end":{"line":220,"column":8}}]},"25":{"line":221,"type":"if","locations":[{"start":{"line":221,"column":8},"end":{"line":221,"column":8}},{"start":{"line":221,"column":8},"end":{"line":221,"column":8}}]},"26":{"line":241,"type":"if","locations":[{"start":{"line":241,"column":8},"end":{"line":241,"column":8}},{"start":{"line":241,"column":8},"end":{"line":241,"column":8}}]},"27":{"line":251,"type":"if","locations":[{"start":{"line":251,"column":8},"end":{"line":251,"column":8}},{"start":{"line":251,"column":8},"end":{"line":251,"column":8}}]}}}}